<?xml version="1.0" encoding="UTF-8"?>
<!-- Generated by org.testng.reporters.JUnitReportReporter -->
<testsuite skipped="0" hostname="Navdeep-Laptop" name="TestNG.ParallelDemo" tests="3" failures="0" timestamp="2021-02-12T20:29:18 IST" time="99.799" errors="0">
  <testcase name="Launch1" time="33.365" classname="TestNG.ParallelDemo"/>
  <system-out/>
  <testcase name="Launch2" time="32.698" classname="TestNG.ParallelDemo"/>
  <system-out/>
  <testcase name="Launch" time="33.736" classname="TestNG.ParallelDemo"/>
  <system-out/>
</testsuite> <!-- TestNG.ParallelDemo -->
