<?xml version="1.0" encoding="UTF-8"?>
<!-- Generated by org.testng.reporters.JUnitReportReporter -->
<testsuite skipped="0" hostname="Navdeep-Laptop" name="TestNG.DashboardTest" tests="1" failures="0" timestamp="2021-02-08T21:08:49 IST" time="7.018" errors="0">
  <testcase name="Logout" time="7.018" classname="TestNG.DashboardTest"/>
  <system-out/>
</testsuite> <!-- TestNG.DashboardTest -->
