<?xml version="1.0" encoding="UTF-8"?>
<!-- Generated by org.testng.reporters.JUnitReportReporter -->
<testsuite skipped="0" hostname="Navdeep-Laptop" name="TestNG.DependsOnMethodsDemo" tests="4" failures="0" timestamp="2021-02-08T21:26:09 IST" time="52.644" errors="0">
  <testcase name="Launch" time="33.131" classname="TestNG.DependsOnMethodsDemo"/>
  <system-out/>
  <testcase name="Login" time="11.846" classname="TestNG.DependsOnMethodsDemo"/>
  <system-out/>
  <testcase name="Logout" time="7.499" classname="TestNG.DependsOnMethodsDemo"/>
  <system-out/>
  <testcase name="Close_Browser" time="0.168" classname="TestNG.DependsOnMethodsDemo"/>
  <system-out/>
</testsuite> <!-- TestNG.DependsOnMethodsDemo -->
