<?xml version="1.0" encoding="UTF-8"?>
<!-- Generated by org.testng.reporters.JUnitReportReporter -->
<testsuite skipped="0" hostname="Navdeep-Laptop" name="TestNG.DataProviderDemo" tests="2" failures="0" timestamp="2021-02-09T21:23:02 IST" time="95.849" errors="0">
  <testcase name="logindemo" time="47.745" classname="TestNG.DataProviderDemo"/>
  <system-out/>
  <testcase name="logindemo" time="48.104" classname="TestNG.DataProviderDemo"/>
  <system-out/>
</testsuite> <!-- TestNG.DataProviderDemo -->
