<?xml version="1.0" encoding="UTF-8"?>
<!-- Generated by org.testng.reporters.JUnitReportReporter -->
<testsuite skipped="0" hostname="Navdeep-Laptop" name="TestNG.DemoTestNG" tests="2" failures="0" timestamp="2021-02-04T21:07:43 IST" time="0.027" errors="0">
  <testcase name="Open_App" time="0.007" classname="TestNG.DemoTestNG"/>
  <system-out/>
  <testcase name="Login" time="0.020" classname="TestNG.DemoTestNG"/>
  <system-out/>
</testsuite> <!-- TestNG.DemoTestNG -->
